WITHOUT INDEX

+----------------------------------------------------------------------------------------------------------------------------------------------------------------------------------------------------------------------------------------------------------------------------------------------------------------------------------------------------+
|EXPLAIN                                                                                                                                                                                                                                                                                                                                             |
+----------------------------------------------------------------------------------------------------------------------------------------------------------------------------------------------------------------------------------------------------------------------------------------------------------------------------------------------------+
|-> Limit: 100 row(s)  (cost=4.86e+6 rows=100) (actual time=18.7..4896 rows=100 loops=1)                                                                                                                                                                                                                                                             |
|-> Filter: (users.date_of_birth between '1990-01-01' and '1990-01-02')  (cost=4.86e+6 rows=4.84e+6) (actual time=18.7..4896 rows=100 loops=1)                                                                                                                                                                                                       |
|-> Table scan on users  (cost=4.86e+6 rows=43.5e+6) (actual time=1.64..4572 rows=2.01e+6 loops=1)                                                                                                                                                                                                                                                   |
+----------------------------------------------------------------------------------------------------------------------------------------------------------------------------------------------------------------------------------------------------------------------------------------------------------------------------------------------------+

BTREE INDEX
+-------------------------------------------------------------------------------------------------------------------------------------------------------------------------------------------------------------------------------------------------------------------------------------------------------------------------------------------------------------------------------+
|EXPLAIN                                                                                                                                                                                                                                                                                                                                                                        |
+-------------------------------------------------------------------------------------------------------------------------------------------------------------------------------------------------------------------------------------------------------------------------------------------------------------------------------------------------------------------------------+
|-> Limit: 100 row(s)  (cost=2717 rows=100) (actual time=97.6..97.7 rows=100 loops=1)                                                                                                                                                                                                                                                                                           |
|-> Index range scan on users using idx_date_of_birth_btree over ('1990-01-01 00:00:00' <= date_of_birth <= '1990-01-02 00:00:00'), with index condition: (users.date_of_birth between '1990-01-01' and '1990-01-02')  (cost=2717 rows=2263) (actual time=97.4..97.4 rows=100 loops=1)                                                                                          |
+-------------------------------------------------------------------------------------------------------------------------------------------------------------------------------------------------------------------------------------------------------------------------------------------------------------------------------------------------------------------------------+

HASH INDEX

+----------------------------------------------------------------------------------------------------------------------------------------------------------------------------------------------------------------------------------------------------------------------------------------------------------------------------------------------------------------------+
|EXPLAIN                                                                                                                                                                                                                                                                                                                                                               |
+----------------------------------------------------------------------------------------------------------------------------------------------------------------------------------------------------------------------------------------------------------------------------------------------------------------------------------------------------------------------+
|-> Limit: 100 row(s)  (cost=2717 rows=100) (actual time=74..74 rows=100 loops=1)                                                                                                                                                                                                                                                                                      |
|-> Index range scan on users using idx_date_of_birth_hash over ('1990-01-01 00:00:00' <= date_of_birth <= '1990-01-02 00:00:00'), with index condition: (users.date_of_birth between '1990-01-01' and '1990-01-02')  (cost=2717 rows=2263) (actual time=74..74 rows=100 loops=1)                                                                                      |
+----------------------------------------------------------------------------------------------------------------------------------------------------------------------------------------------------------------------------------------------------------------------------------------------------------------------------------------------------------------------+
